<?xml version="1.0" encoding="UTF-8"?>
<!-- Generated by org.testng.reporters.JUnitXMLReporter -->
<testsuite ignored="1" hostname="DIN83000122" failures="0" tests="2" name="Test" time="13.904" errors="0" timestamp="2021-07-13T15:56:00 IST">
  <testcase classname="com.unacademy.testng.TestNg" name="@BeforeMethod initialization" time="13.043">
    <failure type="org.openqa.selenium.WebDriverException" message="unknown error: net::ERR_NAME_NOT_RESOLVED
  (Session info: chrome=91.0.4472.124)
Build info: version: &amp;apos;3.141.59&amp;apos;, revision: &amp;apos;e82be7d358&amp;apos;, time: &amp;apos;2018-11-14T08:17:03&amp;apos;
System info: host: &amp;apos;DIN83000122&amp;apos;, ip: &amp;apos;192.168.1.105&amp;apos;, os.name: &amp;apos;Windows 10&amp;apos;, os.arch: &amp;apos;amd64&amp;apos;, os.version: &amp;apos;10.0&amp;apos;, java.version: &amp;apos;16.0.1&amp;apos;
Driver info: org.openqa.selenium.chrome.ChromeDriver
Capabilities {acceptInsecureCerts: false, browserName: chrome, browserVersion: 91.0.4472.124, chrome: {chromedriverVersion: 91.0.4472.101 (af52a90bf870..., userDataDir: C:\Users\SHRAVKR\AppData\Lo...}, goog:chromeOptions: {debuggerAddress: localhost:59009}, javascriptEnabled: true, networkConnectionEnabled: false, pageLoadStrategy: normal, platform: WINDOWS, platformName: WINDOWS, proxy: Proxy(), setWindowRect: true, strictFileInteractability: false, timeouts: {implicit: 0, pageLoad: 300000, script: 30000}, unhandledPromptBehavior: dismiss and notify, webauthn:extension:largeBlob: true, webauthn:virtualAuthenticators: true}
Session ID: 5dd2fd671d7484c615ed45b70a452077">
      <![CDATA[org.openqa.selenium.WebDriverException: unknown error: net::ERR_NAME_NOT_RESOLVED
  (Session info: chrome=91.0.4472.124)
Build info: version: '3.141.59', revision: 'e82be7d358', time: '2018-11-14T08:17:03'
System info: host: 'DIN83000122', ip: '192.168.1.105', os.name: 'Windows 10', os.arch: 'amd64', os.version: '10.0', java.version: '16.0.1'
Driver info: org.openqa.selenium.chrome.ChromeDriver
Capabilities {acceptInsecureCerts: false, browserName: chrome, browserVersion: 91.0.4472.124, chrome: {chromedriverVersion: 91.0.4472.101 (af52a90bf870..., userDataDir: C:\Users\SHRAVKR\AppData\Lo...}, goog:chromeOptions: {debuggerAddress: localhost:59009}, javascriptEnabled: true, networkConnectionEnabled: false, pageLoadStrategy: normal, platform: WINDOWS, platformName: WINDOWS, proxy: Proxy(), setWindowRect: true, strictFileInteractability: false, timeouts: {implicit: 0, pageLoad: 300000, script: 30000}, unhandledPromptBehavior: dismiss and notify, webauthn:extension:largeBlob: true, webauthn:virtualAuthenticators: true}
Session ID: 5dd2fd671d7484c615ed45b70a452077
at org.openqa.selenium.remote.http.W3CHttpResponseCodec.createException(W3CHttpResponseCodec.java:187)
at org.openqa.selenium.remote.http.W3CHttpResponseCodec.decode(W3CHttpResponseCodec.java:122)
at org.openqa.selenium.remote.http.W3CHttpResponseCodec.decode(W3CHttpResponseCodec.java:49)
at org.openqa.selenium.remote.HttpCommandExecutor.execute(HttpCommandExecutor.java:158)
at org.openqa.selenium.remote.service.DriverCommandExecutor.execute(DriverCommandExecutor.java:83)
at org.openqa.selenium.remote.RemoteWebDriver.execute(RemoteWebDriver.java:552)
at org.openqa.selenium.remote.RemoteWebDriver.get(RemoteWebDriver.java:277)
at com.unacademy.testng.TestNg.initialization(TestNg.java:35)
at java.base/java.util.ArrayList.forEach(ArrayList.java:1511)
... Removed 36 stack frames]]>
    </failure>
  </testcase> <!-- @BeforeMethod initialization -->
  <testcase classname="com.unacademy.testng.TestNg" name="@AfterMethod termination" time="-1.626171960356E9">
    <skipped/>
  </testcase> <!-- @AfterMethod termination -->
  <testcase classname="com.unacademy.testng.TestNg" name="@BeforeMethod initialization" time="-1.626171960359E9">
    <skipped/>
  </testcase> <!-- @BeforeMethod initialization -->
  <testcase classname="com.unacademy.testng.TestNg" name="@AfterMethod termination" time="-1.626171960366E9">
    <skipped/>
  </testcase> <!-- @AfterMethod termination -->
  <testcase classname="com.unacademy.testng.TestNg" name="choosingGoalInCompitativeExams" time="0.0">
    <skipped/>
  </testcase> <!-- choosingGoalInCompitativeExams -->
  <testcase classname="com.unacademy.testng.TestNg" name="choosingGoalInCompitativeExams" time="0.0">
    <skipped/>
  </testcase> <!-- choosingGoalInCompitativeExams -->
  <testcase classname="com.unacademy.testng.TestNg" name="choosingGoalInClass6To12" time="0.0">
    <ignored/>
  </testcase> <!-- choosingGoalInClass6To12 -->
</testsuite> <!-- Test -->
